[I 2025-10-19 17:54:21,635] Trial 104 finished with value: 4.958288523312962 and parameters: {'n_units': 113, 'dropout': 0.335536333920081, 'learning_rate': 0.0002142631951278562}. Best is trial 59 with value: 1.241945755720858.
32/32 ━━━━━━━━━━━━━━━━━━━━ 2s 49ms/step  
32/32 ━━━━━━━━━━━━━━━━━━━━ 1s 31ms/step
32/32 ━━━━━━━━━━━━━━━━━━━━ 1s 31ms/step
32/32 ━━━━━━━━━━━━━━━━━━━━ 1s 31ms/step
32/32 ━━━━━━━━━━━━━━━━━━━━ 1s 33ms/step
32/32 ━━━━━━━━━━━━━━━━━━━━ 1s 31ms/step
32/32 ━━━━━━━━━━━━━━━━━━━━ 1s 31ms/step
32/32 ━━━━━━━━━━━━━━━━━━━━ 1s 34ms/step
32/32 ━━━━━━━━━━━━━━━━━━━━ 1s 31ms/step
32/32 ━━━━━━━━━━━━━━━━━━━━ 1s 31ms/step
32/32 ━━━━━━━━━━━━━━━━━━━━ 1s 32ms/step
32/32 ━━━━━━━━━━━━━━━━━━━━ 1s 31ms/step
32/32 ━━━━━━━━━━━━━━━━━━━━ 1s 31ms/step
32/32 ━━━━━━━━━━━━━━━━━━━━ 1s 31ms/step
32/32 ━━━━━━━━━━━━━━━━━━━━ 1s 31ms/step
32/32 ━━━━━━━━━━━━━━━━━━━━ 1s 31ms/step
32/32 ━━━━━━━━━━━━━━━━━━━━ 1s 35ms/step
32/32 ━━━━━━━━━━━━━━━━━━━━ 1s 31ms/step
32/32 ━━━━━━━━━━━━━━━━━━━━ 1s 31ms/step
32/32 ━━━━━━━━━━━━━━━━━━━━ 1s 32ms/step
32/32 ━━━━━━━━━━━━━━━━━━━━ 1s 31ms/step
32/32 ━━━━━━━━━━━━━━━━━━━━ 1s 33ms/step
32/32 ━━━━━━━━━━━━━━━━━━━━ 1s 31ms/step
[I 2025-10-19 17:56:21,114] Trial 105 finished with value: 4.61303587187058 and parameters: {'n_units': 111, 'dropout': 0.3888956062676352, 'learning_rate': 0.0001650050321803284}. Best is trial 59 with value: 1.241945755720858.
32/32 ━━━━━━━━━━━━━━━━━━━━ 2s 59ms/step  
32/32 ━━━━━━━━━━━━━━━━━━━━ 1s 42ms/step
32/32 ━━━━━━━━━━━━━━━━━━━━ 1s 40ms/step
32/32 ━━━━━━━━━━━━━━━━━━━━ 1s 40ms/step
32/32 ━━━━━━━━━━━━━━━━━━━━ 1s 39ms/step
32/32 ━━━━━━━━━━━━━━━━━━━━ 1s 39ms/step
32/32 ━━━━━━━━━━━━━━━━━━━━ 1s 39ms/step
32/32 ━━━━━━━━━━━━━━━━━━━━ 1s 39ms/step
32/32 ━━━━━━━━━━━━━━━━━━━━ 1s 39ms/step
32/32 ━━━━━━━━━━━━━━━━━━━━ 1s 42ms/step
[I 2025-10-19 17:57:36,210] Trial 106 finished with value: 4.518771353121204 and parameters: {'n_units': 105, 'dropout': 0.36105259327371364, 'learning_rate': 0.0001267286859571845}. Best is trial 59 with value: 1.241945755720858.
32/32 ━━━━━━━━━━━━━━━━━━━━ 3s 62ms/step  
32/32 ━━━━━━━━━━━━━━━━━━━━ 1s 37ms/step
32/32 ━━━━━━━━━━━━━━━━━━━━ 1s 41ms/step
32/32 ━━━━━━━━━━━━━━━━━━━━ 1s 37ms/step
32/32 ━━━━━━━━━━━━━━━━━━━━ 1s 41ms/step
32/32 ━━━━━━━━━━━━━━━━━━━━ 1s 37ms/step
32/32 ━━━━━━━━━━━━━━━━━━━━ 1s 37ms/step
32/32 ━━━━━━━━━━━━━━━━━━━━ 1s 38ms/step
32/32 ━━━━━━━━━━━━━━━━━━━━ 1s 38ms/step
32/32 ━━━━━━━━━━━━━━━━━━━━ 1s 37ms/step
32/32 ━━━━━━━━━━━━━━━━━━━━ 1s 37ms/step
32/32 ━━━━━━━━━━━━━━━━━━━━ 1s 38ms/step
32/32 ━━━━━━━━━━━━━━━━━━━━ 1s 38ms/step
32/32 ━━━━━━━━━━━━━━━━━━━━ 1s 37ms/step
32/32 ━━━━━━━━━━━━━━━━━━━━ 1s 39ms/step
32/32 ━━━━━━━━━━━━━━━━━━━━ 1s 38ms/step
32/32 ━━━━━━━━━━━━━━━━━━━━ 1s 40ms/step
32/32 ━━━━━━━━━━━━━━━━━━━━ 1s 38ms/step
[I 2025-10-19 17:59:31,958] Trial 107 finished with value: 2.7040573641785683 and parameters: {'n_units': 107, 'dropout': 0.40073125198059895, 'learning_rate': 0.00018311686578142316}. Best is trial 59 with value: 1.241945755720858.
32/32 ━━━━━━━━━━━━━━━━━━━━ 2s 58ms/step  
32/32 ━━━━━━━━━━━━━━━━━━━━ 1s 38ms/step
32/32 ━━━━━━━━━━━━━━━━━━━━ 1s 38ms/step
32/32 ━━━━━━━━━━━━━━━━━━━━ 1s 38ms/step
32/32 ━━━━━━━━━━━━━━━━━━━━ 1s 38ms/step
32/32 ━━━━━━━━━━━━━━━━━━━━ 1s 39ms/step
32/32 ━━━━━━━━━━━━━━━━━━━━ 1s 41ms/step
32/32 ━━━━━━━━━━━━━━━━━━━━ 1s 38ms/step
32/32 ━━━━━━━━━━━━━━━━━━━━ 1s 39ms/step
32/32 ━━━━━━━━━━━━━━━━━━━━ 1s 40ms/step
32/32 ━━━━━━━━━━━━━━━━━━━━ 1s 38ms/step
32/32 ━━━━━━━━━━━━━━━━━━━━ 1s 38ms/step
32/32 ━━━━━━━━━━━━━━━━━━━━ 1s 41ms/step
32/32 ━━━━━━━━━━━━━━━━━━━━ 1s 41ms/step
32/32 ━━━━━━━━━━━━━━━━━━━━ 2s 49ms/step
32/32 ━━━━━━━━━━━━━━━━━━━━ 1s 42ms/step
32/32 ━━━━━━━━━━━━━━━━━━━━ 1s 46ms/step
32/32 ━━━━━━━━━━━━━━━━━━━━ 1s 41ms/step
[I 2025-10-19 18:01:30,735] Trial 108 finished with value: 2.6014664695924887 and parameters: {'n_units': 114, 'dropout': 0.4092673300200332, 'learning_rate': 0.0004980362789506444}. Best is trial 59 with value: 1.241945755720858.
32/32 ━━━━━━━━━━━━━━━━━━━━ 3s 61ms/step  
32/32 ━━━━━━━━━━━━━━━━━━━━ 1s 36ms/step
32/32 ━━━━━━━━━━━━━━━━━━━━ 1s 33ms/step
32/32 ━━━━━━━━━━━━━━━━━━━━ 1s 34ms/step
32/32 ━━━━━━━━━━━━━━━━━━━━ 1s 32ms/step
32/32 ━━━━━━━━━━━━━━━━━━━━ 1s 35ms/step
32/32 ━━━━━━━━━━━━━━━━━━━━ 1s 34ms/step
32/32 ━━━━━━━━━━━━━━━━━━━━ 1s 33ms/step
32/32 ━━━━━━━━━━━━━━━━━━━━ 1s 36ms/step
32/32 ━━━━━━━━━━━━━━━━━━━━ 1s 36ms/step
32/32 ━━━━━━━━━━━━━━━━━━━━ 1s 34ms/step
32/32 ━━━━━━━━━━━━━━━━━━━━ 1s 33ms/step
32/32 ━━━━━━━━━━━━━━━━━━━━ 1s 34ms/step
32/32 ━━━━━━━━━━━━━━━━━━━━ 1s 32ms/step
32/32 ━━━━━━━━━━━━━━━━━━━━ 1s 34ms/step
32/32 ━━━━━━━━━━━━━━━━━━━━ 1s 36ms/step
32/32 ━━━━━━━━━━━━━━━━━━━━ 1s 34ms/step
32/32 ━━━━━━━━━━━━━━━━━━━━ 1s 34ms/step
32/32 ━━━━━━━━━━━━━━━━━━━━ 1s 34ms/step
32/32 ━━━━━━━━━━━━━━━━━━━━ 1s 38ms/step
32/32 ━━━━━━━━━━━━━━━━━━━━ 2s 52ms/step
32/32 ━━━━━━━━━━━━━━━━━━━━ 1s 35ms/step
32/32 ━━━━━━━━━━━━━━━━━━━━ 1s 33ms/step
32/32 ━━━━━━━━━━━━━━━━━━━━ 1s 34ms/step
32/32 ━━━━━━━━━━━━━━━━━━━━ 1s 43ms/step
[I 2025-10-19 18:03:57,089] Trial 109 finished with value: 2.2888372877135956 and parameters: {'n_units': 93, 'dropout': 0.4573055047278435, 'learning_rate': 0.00014800602815219293}. Best is trial 59 with value: 1.241945755720858.
32/32 ━━━━━━━━━━━━━━━━━━━━ 3s 57ms/step  
32/32 ━━━━━━━━━━━━━━━━━━━━ 1s 38ms/step
32/32 ━━━━━━━━━━━━━━━━━━━━ 1s 36ms/step
32/32 ━━━━━━━━━━━━━━━━━━━━ 1s 38ms/step
32/32 ━━━━━━━━━━━━━━━━━━━━ 2s 49ms/step
32/32 ━━━━━━━━━━━━━━━━━━━━ 1s 37ms/step
32/32 ━━━━━━━━━━━━━━━━━━━━ 1s 38ms/step
32/32 ━━━━━━━━━━━━━━━━━━━━ 1s 47ms/step
32/32 ━━━━━━━━━━━━━━━━━━━━ 1s 37ms/step
32/32 ━━━━━━━━━━━━━━━━━━━━ 1s 37ms/step
32/32 ━━━━━━━━━━━━━━━━━━━━ 1s 37ms/step
32/32 ━━━━━━━━━━━━━━━━━━━━ 2s 49ms/step
32/32 ━━━━━━━━━━━━━━━━━━━━ 1s 39ms/step
32/32 ━━━━━━━━━━━━━━━━━━━━ 1s 38ms/step
32/32 ━━━━━━━━━━━━━━━━━━━━ 1s 38ms/step
32/32 ━━━━━━━━━━━━━━━━━━━━ 1s 40ms/step
32/32 ━━━━━━━━━━━━━━━━━━━━ 1s 45ms/step
32/32 ━━━━━━━━━━━━━━━━━━━━ 1s 36ms/step
32/32 ━━━━━━━━━━━━━━━━━━━━ 1s 38ms/step
32/32 ━━━━━━━━━━━━━━━━━━━━ 1s 36ms/step
32/32 ━━━━━━━━━━━━━━━━━━━━ 1s 39ms/step
32/32 ━━━━━━━━━━━━━━━━━━━━ 1s 37ms/step
32/32 ━━━━━━━━━━━━━━━━━━━━ 1s 36ms/step
32/32 ━━━━━━━━━━━━━━━━━━━━ 1s 37ms/step
32/32 ━━━━━━━━━━━━━━━━━━━━ 1s 38ms/step 
32/32 ━━━━━━━━━━━━━━━━━━━━ 1s 37ms/step
[I 2025-10-19 18:06:39,983] Trial 110 finished with value: 2.1739083033 and parameters: {'n_units': 109, 'dropout': 0.3271122808817857, 'learning_rate': 0.00039173263708905344}. Best is trial 59 with value: 1.241945755720858.
Traceback (most recent call last):
  File "C:\Users\bourn\clairvoyant\clairvoyant_v3-1.py", line 1803, in <module>
    train_and_evaluate_for_horizon(horizon=h, run_log_dir=current_run_log_dir)
  File "C:\Users\bourn\clairvoyant\clairvoyant_v3-1.py", line 1282, in train_and_evaluate_for_horizon
    create_dl_model, model_type='gru', epochs=epochs, **hyperparams
UnboundLocalError: local variable 'epochs' referenced before assignment